<?xml version="1.0" encoding="UTF-8"?>
<testng-results ignored="0" total="0" passed="0" failed="0" skipped="0">
  <reporter-output>
  </reporter-output>
  <suite started-at="2022-05-31T23:36:09 COT" name="seleCucum.runCucumberSeleniumTest" finished-at="2022-05-31T23:36:10 COT" duration-ms="867">
    <groups>
      <group name="cucumber">
        <method signature="AbstractTestNGCucumberTests.runScenario(io.cucumber.testng.PickleWrapper,io.cucumber.testng.FeatureWrapper)[pri:0, instance:seleCucum.runCucumberSeleniumTest@7b98f307]" name="runScenario" class="io.cucumber.testng.AbstractTestNGCucumberTests"/>
      </group> <!-- cucumber -->
    </groups>
    <test started-at="2022-05-31T23:36:09 COT" name="Command line test" finished-at="2022-05-31T23:36:10 COT" duration-ms="867">
      <class name="seleCucum.runCucumberSeleniumTest">
        <test-method is-config="true" signature="setUpClass()[pri:0, instance:seleCucum.runCucumberSeleniumTest@7b98f307]" started-at="2022-05-31T23:36:09 COT" name="setUpClass" finished-at="2022-05-31T23:36:10 COT" duration-ms="758" status="PASS">
          <reporter-output>
          </reporter-output>
        </test-method> <!-- setUpClass -->
        <test-method is-config="true" signature="tearDownClass()[pri:0, instance:seleCucum.runCucumberSeleniumTest@7b98f307]" started-at="2022-05-31T23:36:10 COT" name="tearDownClass" finished-at="2022-05-31T23:36:10 COT" duration-ms="31" status="PASS">
          <reporter-output>
          </reporter-output>
        </test-method> <!-- tearDownClass -->
      </class> <!-- seleCucum.runCucumberSeleniumTest -->
    </test> <!-- Command line test -->
  </suite> <!-- seleCucum.runCucumberSeleniumTest -->
</testng-results>
