<?xml version="1.0" encoding="UTF-8"?>
<testng-results ignored="0" total="0" passed="0" failed="0" skipped="0">
  <reporter-output>
  </reporter-output>
  <suite started-at="2021-12-06T13:28:03 EST" name="Default suite" finished-at="2021-12-06T13:28:03 EST" duration-ms="363">
    <groups>
      <group name="cucumber">
        <method signature="AbstractTestNGCucumberTests.runScenario(io.cucumber.testng.PickleWrapper,io.cucumber.testng.FeatureWrapper)[pri:0, instance:seleCucum.runCucumberSeleniumTest@5ba3f27a]" name="runScenario" class="io.cucumber.testng.AbstractTestNGCucumberTests"/>
      </group> <!-- cucumber -->
    </groups>
    <test started-at="2021-12-06T13:28:03 EST" name="Default test" finished-at="2021-12-06T13:28:03 EST" duration-ms="363">
      <class name="seleCucum.runCucumberSeleniumTest">
        <test-method is-config="true" signature="setUpClass()[pri:0, instance:seleCucum.runCucumberSeleniumTest@5ba3f27a]" started-at="2021-12-06T13:28:03 EST" name="setUpClass" finished-at="2021-12-06T13:28:03 EST" duration-ms="316" status="PASS">
          <reporter-output>
          </reporter-output>
        </test-method> <!-- setUpClass -->
        <test-method is-config="true" signature="tearDownClass()[pri:0, instance:seleCucum.runCucumberSeleniumTest@5ba3f27a]" started-at="2021-12-06T13:28:03 EST" name="tearDownClass" finished-at="2021-12-06T13:28:03 EST" duration-ms="12" status="PASS">
          <reporter-output>
          </reporter-output>
        </test-method> <!-- tearDownClass -->
      </class> <!-- seleCucum.runCucumberSeleniumTest -->
    </test> <!-- Default test -->
  </suite> <!-- Default suite -->
</testng-results>
